<?xml version="1.0" encoding="UTF-8"?>
<!-- Generated by org.testng.reporters.JUnitReportReporter -->
<testsuite hostname="TTX0109ALKVTCMN" name="com.test.com.auto.App" tests="1" failures="0" timestamp="3 Jan 2017 17:06:54 GMT" time="50.946" errors="0">
  <testcase name="test1" time="50.946" classname="com.test.com.auto.App"/>
</testsuite> <!-- com.test.com.auto.App -->
